<?xml version="1.0" encoding="UTF-8"?>
<testng-results ignored="0" total="1" passed="1" failed="0" skipped="0">
  <reporter-output>
  </reporter-output>
  <suite started-at="2022-12-13T20:34:22 IST" name="Default suite" finished-at="2022-12-13T20:35:04 IST" duration-ms="41461">
    <groups>
      <group name="cucumber">
        <method signature="AbstractTestNGCucumberTests.runScenario(io.cucumber.testng.PickleWrapper,io.cucumber.testng.FeatureWrapper)[pri:0, instance:com.purna.runner.RunPurnaTest@1349883]" name="runScenario" class="io.cucumber.testng.AbstractTestNGCucumberTests"/>
      </group> <!-- cucumber -->
    </groups>
    <test started-at="2022-12-13T20:34:22 IST" name="Default test" finished-at="2022-12-13T20:35:04 IST" duration-ms="41461">
      <class name="com.purna.runner.RunPurnaTest">
        <test-method is-config="true" signature="setUpClass(org.testng.ITestContext)[pri:0, instance:com.purna.runner.RunPurnaTest@1349883]" started-at="2022-12-13T20:34:22 IST" name="setUpClass" finished-at="2022-12-13T20:34:24 IST" duration-ms="2013" status="PASS">
          <params>
            <param index="0">
              <value>
                <![CDATA[org.testng.TestRunner@48b3b1b8]]>
              </value>
            </param>
          </params>
          <reporter-output>
          </reporter-output>
        </test-method> <!-- setUpClass -->
        <test-method signature="runScenario(io.cucumber.testng.PickleWrapper,io.cucumber.testng.FeatureWrapper)[pri:0, instance:com.purna.runner.RunPurnaTest@1349883]" started-at="2022-12-13T20:34:24 IST" name="runScenario" description="Runs Cucumber Scenarios" data-provider="scenarios" finished-at="2022-12-13T20:35:00 IST" duration-ms="35623" status="PASS">
          <params>
            <param index="0">
              <value>
                <![CDATA["Verify that user is able to create supplier"]]>
              </value>
            </param>
            <param index="1">
              <value>
                <![CDATA["Verify Supplier module"]]>
              </value>
            </param>
          </params>
          <reporter-output>
          </reporter-output>
        </test-method> <!-- runScenario -->
        <test-method is-config="true" signature="tearDownClass()[pri:0, instance:com.purna.runner.RunPurnaTest@1349883]" started-at="2022-12-13T20:35:00 IST" name="tearDownClass" finished-at="2022-12-13T20:35:04 IST" duration-ms="3727" status="PASS">
          <reporter-output>
          </reporter-output>
        </test-method> <!-- tearDownClass -->
      </class> <!-- com.purna.runner.RunPurnaTest -->
    </test> <!-- Default test -->
  </suite> <!-- Default suite -->
</testng-results>
